2026-03-03 17:13:32,859 - INFO - Creating Vendor Summary Table...
2026-03-03 17:14:00,706 - INFO - Vendor summary created successfully
2026-03-03 17:14:00,706 - INFO - Vendor Summary Preview:
   VendorNumber                   VendorName  Brand              Description  \
0          1128  BROWN-FORMAN CORP             1233  Jack Daniels No 7 Black   
1          4425        MARTIGNETTI COMPANIES   3405    Tito's Handmade Vodka   
2         17035  PERNOD RICARD USA             8068         Absolut 80 Proof   
3          3960  DIAGEO NORTH AMERICA INC      4261   Capt Morgan Spiced Rum   
4          3960  DIAGEO NORTH AMERICA INC      3545          Ketel One Vodka   

   PurchasePrice  ActualPrice Volume  TotalPurchaseQuantity  \
0          26.27        36.99   1750                 145080   
1          23.19        28.99   1750                 164038   
2          18.24        24.99   1750                 187407   
3          16.17        22.99   1750                 201682   
4          21.89        29.99   1750                 138109   

   TotalPurchaseDollars  TotalSalesQuantity  TotalSalesDollars  \
0            3811251.60            142049.0         5101919.51   
1            3804041.22            160247.0         4819073.49   
2            3418303.68            187140.0         4538120.60   
3            3261197.94            200412.0         4475972.88   
4            3023206.01            135838.0         4223107.62   

   TotalExciseTax  FreightCost  
0       260999.20     68601.68  
1       294438.66    144929.24  
2       343854.07    123780.22  
3       368242.80    257032.07  
4       249587.83    257032.07  
2026-03-03 17:14:00,709 - INFO - Cleaning Data...
2026-03-03 17:14:00,716 - INFO - Data cleaned and KPI columns created
2026-03-03 17:14:00,717 - INFO - Clean Data Preview:
   VendorNumber                VendorName  Brand              Description  \
0          1128         BROWN-FORMAN CORP   1233  Jack Daniels No 7 Black   
1          4425     MARTIGNETTI COMPANIES   3405    Tito's Handmade Vodka   
2         17035         PERNOD RICARD USA   8068         Absolut 80 Proof   
3          3960  DIAGEO NORTH AMERICA INC   4261   Capt Morgan Spiced Rum   
4          3960  DIAGEO NORTH AMERICA INC   3545          Ketel One Vodka   

   PurchasePrice  ActualPrice  Volume  TotalPurchaseQuantity  \
0          26.27        36.99  1750.0                 145080   
1          23.19        28.99  1750.0                 164038   
2          18.24        24.99  1750.0                 187407   
3          16.17        22.99  1750.0                 201682   
4          21.89        29.99  1750.0                 138109   

   TotalPurchaseDollars  TotalSalesQuantity  TotalSalesDollars  \
0            3811251.60            142049.0         5101919.51   
1            3804041.22            160247.0         4819073.49   
2            3418303.68            187140.0         4538120.60   
3            3261197.94            200412.0         4475972.88   
4            3023206.01            135838.0         4223107.62   

   TotalExciseTax  FreightCost  GrossProfit  ProfitMargin  StockTurnover  \
0       260999.20     68601.68   1290667.91     25.297693       0.979108   
1       294438.66    144929.24   1015032.27     21.062810       0.976890   
2       343854.07    123780.22   1119816.92     24.675786       0.998575   
3       368242.80    257032.07   1214774.94     27.139908       0.993703   
4       249587.83    257032.07   1199901.61     28.412764       0.983556   

   SalesToPurchaseRatio  
0              1.338647  
1              1.266830  
2              1.327594  
3              1.372493  
4              1.396897  
2026-03-03 17:14:00,720 - INFO - Ingesting data...
2026-03-03 17:14:00,766 - INFO - Process Completed Successfully
