2026-03-02 07:31:11,746 - INFO-ingestingbegin_inventory.csv in db
2026-03-02 07:31:13,670 - INFO-ingestingend_inventory.csv in db
2026-03-02 07:31:18,924 - INFO-ingestingpurchases.csv in db
2026-03-02 07:31:52,991 - INFO-ingestingpurchase_prices.csv in db
2026-03-02 07:32:10,857 - INFO-ingestingsales.csv in db
2026-03-02 07:37:34,967 - INFO-ingestingvendor_invoice.csv in db
2026-03-02 07:37:35,100 - INFO-Ingestion Complete
2026-03-02 07:37:35,101 - INFO-
Total time taken6.392870644728343 minutes
2026-03-03 16:55:48,582 - INFO-Creating Vendor Summary Table...
2026-03-03 16:56:17,596 - INFO-Vendor summary created successfully
2026-03-03 16:56:17,596 - INFO-Vendor Summary Preview:
   VendorNumber                   VendorName  Brand              Description  \
0          1128  BROWN-FORMAN CORP             1233  Jack Daniels No 7 Black   
1          4425        MARTIGNETTI COMPANIES   3405    Tito's Handmade Vodka   
2         17035  PERNOD RICARD USA             8068         Absolut 80 Proof   
3          3960  DIAGEO NORTH AMERICA INC      4261   Capt Morgan Spiced Rum   
4          3960  DIAGEO NORTH AMERICA INC      3545          Ketel One Vodka   

   PurchasePrice  ActualPrice Volume  TotalPurchaseQuantity  \
0          26.27        36.99   1750                 145080   
1          23.19        28.99   1750                 164038   
2          18.24        24.99   1750                 187407   
3          16.17        22.99   1750                 201682   
4          21.89        29.99   1750                 138109   

   TotalPurchaseDollars  TotalSalesQuantity  TotalSalesDollars  \
0            3811251.60            142049.0         5101919.51   
1            3804041.22            160247.0         4819073.49   
2            3418303.68            187140.0         4538120.60   
3            3261197.94            200412.0         4475972.88   
4            3023206.01            135838.0         4223107.62   

   TotalExciseTax  FreightCost  
0       260999.20     68601.68  
1       294438.66    144929.24  
2       343854.07    123780.22  
3       368242.80    257032.07  
4       249587.83    257032.07  
2026-03-03 16:56:17,601 - INFO-Cleaning Data...
2026-03-03 16:56:17,613 - INFO-Data cleaned and KPI columns created
2026-03-03 16:56:17,613 - INFO-Clean Data Preview:
   VendorNumber                VendorName  Brand              Description  \
0          1128         BROWN-FORMAN CORP   1233  Jack Daniels No 7 Black   
1          4425     MARTIGNETTI COMPANIES   3405    Tito's Handmade Vodka   
2         17035         PERNOD RICARD USA   8068         Absolut 80 Proof   
3          3960  DIAGEO NORTH AMERICA INC   4261   Capt Morgan Spiced Rum   
4          3960  DIAGEO NORTH AMERICA INC   3545          Ketel One Vodka   

   PurchasePrice  ActualPrice  Volume  TotalPurchaseQuantity  \
0          26.27        36.99  1750.0                 145080   
1          23.19        28.99  1750.0                 164038   
2          18.24        24.99  1750.0                 187407   
3          16.17        22.99  1750.0                 201682   
4          21.89        29.99  1750.0                 138109   

   TotalPurchaseDollars  TotalSalesQuantity  TotalSalesDollars  \
0            3811251.60            142049.0         5101919.51   
1            3804041.22            160247.0         4819073.49   
2            3418303.68            187140.0         4538120.60   
3            3261197.94            200412.0         4475972.88   
4            3023206.01            135838.0         4223107.62   

   TotalExciseTax  FreightCost  GrossProfit  ProfitMargin  StockTurnover  \
0       260999.20     68601.68   1290667.91     25.297693       0.979108   
1       294438.66    144929.24   1015032.27     21.062810       0.976890   
2       343854.07    123780.22   1119816.92     24.675786       0.998575   
3       368242.80    257032.07   1214774.94     27.139908       0.993703   
4       249587.83    257032.07   1199901.61     28.412764       0.983556   

   SalesToPurchaseRatio  
0              1.338647  
1              1.266830  
2              1.327594  
3              1.372493  
4              1.396897  
2026-03-03 16:56:17,617 - INFO-Ingesting data...
2026-03-03 16:56:17,661 - INFO-Process Completed Successfully
2026-03-03 17:06:02,700 - INFO-Creating Vendor Summary Table...
2026-03-03 17:06:32,905 - INFO-Vendor summary created successfully
2026-03-03 17:06:32,905 - INFO-Vendor Summary Preview:
   VendorNumber                   VendorName  Brand              Description  \
0          1128  BROWN-FORMAN CORP             1233  Jack Daniels No 7 Black   
1          4425        MARTIGNETTI COMPANIES   3405    Tito's Handmade Vodka   
2         17035  PERNOD RICARD USA             8068         Absolut 80 Proof   
3          3960  DIAGEO NORTH AMERICA INC      4261   Capt Morgan Spiced Rum   
4          3960  DIAGEO NORTH AMERICA INC      3545          Ketel One Vodka   

   PurchasePrice  ActualPrice Volume  TotalPurchaseQuantity  \
0          26.27        36.99   1750                 145080   
1          23.19        28.99   1750                 164038   
2          18.24        24.99   1750                 187407   
3          16.17        22.99   1750                 201682   
4          21.89        29.99   1750                 138109   

   TotalPurchaseDollars  TotalSalesQuantity  TotalSalesDollars  \
0            3811251.60            142049.0         5101919.51   
1            3804041.22            160247.0         4819073.49   
2            3418303.68            187140.0         4538120.60   
3            3261197.94            200412.0         4475972.88   
4            3023206.01            135838.0         4223107.62   

   TotalExciseTax  FreightCost  
0       260999.20     68601.68  
1       294438.66    144929.24  
2       343854.07    123780.22  
3       368242.80    257032.07  
4       249587.83    257032.07  
2026-03-03 17:06:32,908 - INFO-Cleaning Data...
2026-03-03 17:06:32,918 - INFO-Data cleaned and KPI columns created
2026-03-03 17:06:32,918 - INFO-Clean Data Preview:
   VendorNumber                VendorName  Brand              Description  \
0          1128         BROWN-FORMAN CORP   1233  Jack Daniels No 7 Black   
1          4425     MARTIGNETTI COMPANIES   3405    Tito's Handmade Vodka   
2         17035         PERNOD RICARD USA   8068         Absolut 80 Proof   
3          3960  DIAGEO NORTH AMERICA INC   4261   Capt Morgan Spiced Rum   
4          3960  DIAGEO NORTH AMERICA INC   3545          Ketel One Vodka   

   PurchasePrice  ActualPrice  Volume  TotalPurchaseQuantity  \
0          26.27        36.99  1750.0                 145080   
1          23.19        28.99  1750.0                 164038   
2          18.24        24.99  1750.0                 187407   
3          16.17        22.99  1750.0                 201682   
4          21.89        29.99  1750.0                 138109   

   TotalPurchaseDollars  TotalSalesQuantity  TotalSalesDollars  \
0            3811251.60            142049.0         5101919.51   
1            3804041.22            160247.0         4819073.49   
2            3418303.68            187140.0         4538120.60   
3            3261197.94            200412.0         4475972.88   
4            3023206.01            135838.0         4223107.62   

   TotalExciseTax  FreightCost  GrossProfit  ProfitMargin  StockTurnover  \
0       260999.20     68601.68   1290667.91     25.297693       0.979108   
1       294438.66    144929.24   1015032.27     21.062810       0.976890   
2       343854.07    123780.22   1119816.92     24.675786       0.998575   
3       368242.80    257032.07   1214774.94     27.139908       0.993703   
4       249587.83    257032.07   1199901.61     28.412764       0.983556   

   SalesToPurchaseRatio  
0              1.338647  
1              1.266830  
2              1.327594  
3              1.372493  
4              1.396897  
2026-03-03 17:06:32,921 - INFO-Ingesting data...
2026-03-03 17:06:32,973 - INFO-Process Completed Successfully
2026-03-03 17:07:51,632 - INFO-Creating Vendor Summary Table...
2026-03-03 17:08:19,777 - INFO-Vendor summary created successfully
2026-03-03 17:08:19,777 - INFO-Vendor Summary Preview:
   VendorNumber                   VendorName  Brand              Description  \
0          1128  BROWN-FORMAN CORP             1233  Jack Daniels No 7 Black   
1          4425        MARTIGNETTI COMPANIES   3405    Tito's Handmade Vodka   
2         17035  PERNOD RICARD USA             8068         Absolut 80 Proof   
3          3960  DIAGEO NORTH AMERICA INC      4261   Capt Morgan Spiced Rum   
4          3960  DIAGEO NORTH AMERICA INC      3545          Ketel One Vodka   

   PurchasePrice  ActualPrice Volume  TotalPurchaseQuantity  \
0          26.27        36.99   1750                 145080   
1          23.19        28.99   1750                 164038   
2          18.24        24.99   1750                 187407   
3          16.17        22.99   1750                 201682   
4          21.89        29.99   1750                 138109   

   TotalPurchaseDollars  TotalSalesQuantity  TotalSalesDollars  \
0            3811251.60            142049.0         5101919.51   
1            3804041.22            160247.0         4819073.49   
2            3418303.68            187140.0         4538120.60   
3            3261197.94            200412.0         4475972.88   
4            3023206.01            135838.0         4223107.62   

   TotalExciseTax  FreightCost  
0       260999.20     68601.68  
1       294438.66    144929.24  
2       343854.07    123780.22  
3       368242.80    257032.07  
4       249587.83    257032.07  
2026-03-03 17:08:19,780 - INFO-Cleaning Data...
2026-03-03 17:08:19,786 - INFO-Data cleaned and KPI columns created
2026-03-03 17:08:19,786 - INFO-Clean Data Preview:
   VendorNumber                VendorName  Brand              Description  \
0          1128         BROWN-FORMAN CORP   1233  Jack Daniels No 7 Black   
1          4425     MARTIGNETTI COMPANIES   3405    Tito's Handmade Vodka   
2         17035         PERNOD RICARD USA   8068         Absolut 80 Proof   
3          3960  DIAGEO NORTH AMERICA INC   4261   Capt Morgan Spiced Rum   
4          3960  DIAGEO NORTH AMERICA INC   3545          Ketel One Vodka   

   PurchasePrice  ActualPrice  Volume  TotalPurchaseQuantity  \
0          26.27        36.99  1750.0                 145080   
1          23.19        28.99  1750.0                 164038   
2          18.24        24.99  1750.0                 187407   
3          16.17        22.99  1750.0                 201682   
4          21.89        29.99  1750.0                 138109   

   TotalPurchaseDollars  TotalSalesQuantity  TotalSalesDollars  \
0            3811251.60            142049.0         5101919.51   
1            3804041.22            160247.0         4819073.49   
2            3418303.68            187140.0         4538120.60   
3            3261197.94            200412.0         4475972.88   
4            3023206.01            135838.0         4223107.62   

   TotalExciseTax  FreightCost  GrossProfit  ProfitMargin  StockTurnover  \
0       260999.20     68601.68   1290667.91     25.297693       0.979108   
1       294438.66    144929.24   1015032.27     21.062810       0.976890   
2       343854.07    123780.22   1119816.92     24.675786       0.998575   
3       368242.80    257032.07   1214774.94     27.139908       0.993703   
4       249587.83    257032.07   1199901.61     28.412764       0.983556   

   SalesToPurchaseRatio  
0              1.338647  
1              1.266830  
2              1.327594  
3              1.372493  
4              1.396897  
2026-03-03 17:08:19,790 - INFO-Ingesting data...
2026-03-03 17:08:19,846 - INFO-Process Completed Successfully
2026-03-03 17:11:01,585 - INFO-Creating Vendor Summary Table...
2026-03-03 17:11:31,612 - INFO-Vendor summary created successfully
2026-03-03 17:11:31,612 - INFO-Vendor Summary Preview:
   VendorNumber                   VendorName  Brand              Description  \
0          1128  BROWN-FORMAN CORP             1233  Jack Daniels No 7 Black   
1          4425        MARTIGNETTI COMPANIES   3405    Tito's Handmade Vodka   
2         17035  PERNOD RICARD USA             8068         Absolut 80 Proof   
3          3960  DIAGEO NORTH AMERICA INC      4261   Capt Morgan Spiced Rum   
4          3960  DIAGEO NORTH AMERICA INC      3545          Ketel One Vodka   

   PurchasePrice  ActualPrice Volume  TotalPurchaseQuantity  \
0          26.27        36.99   1750                 145080   
1          23.19        28.99   1750                 164038   
2          18.24        24.99   1750                 187407   
3          16.17        22.99   1750                 201682   
4          21.89        29.99   1750                 138109   

   TotalPurchaseDollars  TotalSalesQuantity  TotalSalesDollars  \
0            3811251.60            142049.0         5101919.51   
1            3804041.22            160247.0         4819073.49   
2            3418303.68            187140.0         4538120.60   
3            3261197.94            200412.0         4475972.88   
4            3023206.01            135838.0         4223107.62   

   TotalExciseTax  FreightCost  
0       260999.20     68601.68  
1       294438.66    144929.24  
2       343854.07    123780.22  
3       368242.80    257032.07  
4       249587.83    257032.07  
2026-03-03 17:11:31,615 - INFO-Cleaning Data...
2026-03-03 17:11:31,623 - INFO-Data cleaned and KPI columns created
2026-03-03 17:11:31,623 - INFO-Clean Data Preview:
   VendorNumber                VendorName  Brand              Description  \
0          1128         BROWN-FORMAN CORP   1233  Jack Daniels No 7 Black   
1          4425     MARTIGNETTI COMPANIES   3405    Tito's Handmade Vodka   
2         17035         PERNOD RICARD USA   8068         Absolut 80 Proof   
3          3960  DIAGEO NORTH AMERICA INC   4261   Capt Morgan Spiced Rum   
4          3960  DIAGEO NORTH AMERICA INC   3545          Ketel One Vodka   

   PurchasePrice  ActualPrice  Volume  TotalPurchaseQuantity  \
0          26.27        36.99  1750.0                 145080   
1          23.19        28.99  1750.0                 164038   
2          18.24        24.99  1750.0                 187407   
3          16.17        22.99  1750.0                 201682   
4          21.89        29.99  1750.0                 138109   

   TotalPurchaseDollars  TotalSalesQuantity  TotalSalesDollars  \
0            3811251.60            142049.0         5101919.51   
1            3804041.22            160247.0         4819073.49   
2            3418303.68            187140.0         4538120.60   
3            3261197.94            200412.0         4475972.88   
4            3023206.01            135838.0         4223107.62   

   TotalExciseTax  FreightCost  GrossProfit  ProfitMargin  StockTurnover  \
0       260999.20     68601.68   1290667.91     25.297693       0.979108   
1       294438.66    144929.24   1015032.27     21.062810       0.976890   
2       343854.07    123780.22   1119816.92     24.675786       0.998575   
3       368242.80    257032.07   1214774.94     27.139908       0.993703   
4       249587.83    257032.07   1199901.61     28.412764       0.983556   

   SalesToPurchaseRatio  
0              1.338647  
1              1.266830  
2              1.327594  
3              1.372493  
4              1.396897  
2026-03-03 17:11:31,627 - INFO-Ingesting data...
2026-03-03 17:11:31,683 - INFO-Process Completed Successfully
